[LOG] System::create                           : Header version = 2.02.22. Current version = 2.02.22.
[LOG] Manager::init                            : maxchannels = 256 studioflags = 00000006 flags 00000000 extradriverdata 0000000000000000.
[LOG] SystemI::init                            : Initialize version=20222 (142841), maxchannels=256, flags=0x00020000
[LOG] SystemI::setOutputInternal               : Setting output to 'FMOD WASAPI Output'
[LOG] OutputWASAPI::init                       : Mix Format (WAVEFORMATEX): wFormatTag=0xFFFE, nChannels=2, nSamplesPerSec=48000, nAvgBytesPerSec=384000, nBlockAlign=8, wBitsPerSample=32, cbSize=22.
[LOG] OutputWASAPI::init                       : Mix Format (WAVEFORMATEXTENSIBLE): wValidBitsPerSample=32, dwChannelMask=0x00000003, SubFormat=00000003-0000-0010-8000-00AA00389B71.
[LOG] OutputWASAPI::init                       : Output buffer size: 4096 samples, latency: 0.00ms, period: 10.00ms, DSP buffer: 1024 * 4
[LOG] Thread::initThread                       : Init FMOD stream thread. Affinity: 0x4000000000000003, Priority: 0xFFFF7FFB, Stack Size: 98304, Semaphore: No, Sleep Time: 10, Looping: Yes.
[LOG] Thread::initThread                       : Init FMOD mixer thread. Affinity: 0x4000000000000001, Priority: 0xFFFF7FFA, Stack Size: 81920, Semaphore: No, Sleep Time: 0, Looping: Yes.
[LOG] AsyncManager::init                       : manager 00000234AF8E1BC8 isAsync 0 updatePeriod 0.02
[LOG] AsyncManager::init                       : done
[LOG] PlaybackSystem::init                     : 
[LOG] Thread::initThread                       : Init FMOD Studio sample load thread. Affinity: 0x4000000000000003, Priority: 0xFFFF7FFD, Stack Size: 98304, Semaphore: No, Sleep Time: 1, Looping: No.
[LOG] PlaybackSystem::init                     : done
[LOG] Thread::initThread                       : Init FMOD Studio bank load thread. Affinity: 0x4000000000000003, Priority: 0xFFFF7FFD, Stack Size: 98304, Semaphore: No, Sleep Time: 1, Looping: No.
[LOG] Manager::init                            : done.
[LOG] Manager::readBank                        : fileversion = 142, compatVersion = 140 (oldest = 44, newest = 142)
[LOG] Manager::readBank                        : fileversion = 142, compatVersion = 140 (oldest = 44, newest = 142)
[LOG] PlaybackSystem::acquireMasterBus         : Setting master channel group format to 6
[LOG] SystemI::createSoundInternal             : Create name='', mode=0x02000202
[LOG] SystemI::createSoundInternal             : exinfo->cbsize             = 224
[LOG] SystemI::createSoundInternal             : exinfo->length             = 148800
[LOG] SystemI::createSoundInternal             : exinfo->fileoffset         = 5408
[LOG] SystemI::createSoundInternal             : exinfo->numsubsounds       = 1
[LOG] SystemI::createSoundInternal             : exinfo->inclusionlist      = 00000071163FF188
[LOG] SystemI::createSoundInternal             : exinfo->inclusionlistnum   = 1
[LOG] SystemI::createSoundInternal             : exinfo->suggestedsoundtype = 5
[LOG] SystemI::createSoundInternal             : exinfo->useropen           = 00007FFE64424130
[LOG] SystemI::createSoundInternal             : exinfo->userclose          = 00007FFE644240F0
[LOG] SystemI::createSoundInternal             : exinfo->userread           = 00007FFE64424210
[LOG] SystemI::createSoundInternal             : exinfo->userseek           = 00007FFE644242D0
[LOG] SystemI::createSoundInternal             : exinfo->fileuserdata       = 00000233CEC777E8
[LOG] SystemI::createSoundInternal             : exinfo->initialseekpostype = 1
[LOG] SystemI::DSPCodecPoolRegister            : register codec pool for pool type 5
[LOG] SystemI::createSoundInternal             : Sample 0/1: name='006 Various FX - DESFX Zenhiser', format=5, channels=2, frequency=48000, lengthbytes=5696, lengthpcm=24163, pcmblocksize=0, loopstart=0, loopend=0, mode=0x00000000, channelmask=0x00000000, channelorder=0, peakvolume=1.000000.
[LOG] SystemI::createSoundInternal             : Create name='', mode=0x02000202
[LOG] SystemI::createSoundInternal             : exinfo->cbsize             = 224
[LOG] SystemI::createSoundInternal             : exinfo->length             = 148800
[LOG] SystemI::createSoundInternal             : exinfo->fileoffset         = 5408
[LOG] SystemI::createSoundInternal             : exinfo->numsubsounds       = 1
[LOG] SystemI::createSoundInternal             : exinfo->inclusionlist      = 00000071163FF188
[LOG] SystemI::createSoundInternal             : exinfo->inclusionlistnum   = 1
[LOG] SystemI::createSoundInternal             : exinfo->suggestedsoundtype = 5
[LOG] SystemI::createSoundInternal             : exinfo->useropen           = 00007FFE64424130
[LOG] SystemI::createSoundInternal             : exinfo->userclose          = 00007FFE644240F0
[LOG] SystemI::createSoundInternal             : exinfo->userread           = 00007FFE64424210
[LOG] SystemI::createSoundInternal             : exinfo->userseek           = 00007FFE644242D0
[LOG] SystemI::createSoundInternal             : exinfo->fileuserdata       = 00000233CEC777E8
[LOG] SystemI::createSoundInternal             : exinfo->initialseekpostype = 1
[LOG] SystemI::DSPCodecPoolRegister            : register codec pool for pool type 5
[LOG] SystemI::createSoundInternal             : Sample 0/1: name='R8 Soundfx Water GC', format=5, channels=1, frequency=48000, lengthbytes=7360, lengthpcm=37988, pcmblocksize=0, loopstart=0, loopend=0, mode=0x00000000, channelmask=0x00000000, channelorder=0, peakvolume=0.881050.
[LOG] SystemI::createSoundInternal             : Create name='', mode=0x02000202
[LOG] SystemI::createSoundInternal             : exinfo->cbsize             = 224
[LOG] SystemI::createSoundInternal             : exinfo->length             = 148800
[LOG] SystemI::createSoundInternal             : exinfo->fileoffset         = 5408
[LOG] SystemI::createSoundInternal             : exinfo->numsubsounds       = 1
[LOG] SystemI::createSoundInternal             : exinfo->inclusionlist      = 00000071163FF188
[LOG] SystemI::createSoundInternal             : exinfo->inclusionlistnum   = 1
[LOG] SystemI::createSoundInternal             : exinfo->suggestedsoundtype = 5
[LOG] SystemI::createSoundInternal             : exinfo->useropen           = 00007FFE64424130
[LOG] SystemI::createSoundInternal             : exinfo->userclose          = 00007FFE644240F0
[LOG] SystemI::createSoundInternal             : exinfo->userread           = 00007FFE64424210
[LOG] SystemI::createSoundInternal             : exinfo->userseek           = 00007FFE644242D0
[LOG] SystemI::createSoundInternal             : exinfo->fileuserdata       = 00000233CEC777E8
[LOG] SystemI::createSoundInternal             : exinfo->initialseekpostype = 1
[LOG] SystemI::DSPCodecPoolRegister            : register codec pool for pool type 5
[LOG] SystemI::createSoundInternal             : Sample 0/1: name='Impact 3', format=5, channels=2, frequency=48000, lengthbytes=53600, lengthpcm=202500, pcmblocksize=0, loopstart=0, loopend=0, mode=0x00000000, channelmask=0x00000000, channelorder=0, peakvolume=0.527184.
[LOG] SystemI::createSoundInternal             : Create name='', mode=0x02000202
[LOG] SystemI::createSoundInternal             : exinfo->cbsize             = 224
[LOG] SystemI::createSoundInternal             : exinfo->length             = 148800
[LOG] SystemI::createSoundInternal             : exinfo->fileoffset         = 5408
[LOG] SystemI::createSoundInternal             : exinfo->numsubsounds       = 1
[LOG] SystemI::createSoundInternal             : exinfo->inclusionlist      = 00000071163FF188
[LOG] SystemI::createSoundInternal             : exinfo->inclusionlistnum   = 1
[LOG] SystemI::createSoundInternal             : exinfo->suggestedsoundtype = 5
[LOG] SystemI::createSoundInternal             : exinfo->useropen           = 00007FFE64424130
[LOG] SystemI::createSoundInternal             : exinfo->userclose          = 00007FFE644240F0
[LOG] SystemI::createSoundInternal             : exinfo->userread           = 00007FFE64424210
[LOG] SystemI::createSoundInternal             : exinfo->userseek           = 00007FFE644242D0
[LOG] SystemI::createSoundInternal             : exinfo->fileuserdata       = 00000233CEC777E8
[LOG] SystemI::createSoundInternal             : exinfo->initialseekpostype = 1
[LOG] SystemI::DSPCodecPoolRegister            : register codec pool for pool type 5
[LOG] SystemI::createSoundInternal             : Sample 0/1: name='FX (2)', format=5, channels=2, frequency=48000, lengthbytes=19104, lengthpcm=86035, pcmblocksize=0, loopstart=0, loopend=0, mode=0x00000000, channelmask=0x00000000, channelorder=0, peakvolume=0.951111.
[LOG] SystemI::createSound                     : filename = Assets/Audio/Portal/Build/Desktop/Master.bank : mode 02010082
[LOG] SystemI::createSound                     : FMOD_NONBLOCKING specified.  Putting into queue to be opened asynchronously!
[LOG] Thread::initThread                       : Init FMOD nonblocking thread (0). Affinity: 0x4000000000000003, Priority: 0xFFFF7FFC, Stack Size: 114688, Semaphore: Yes, Sleep Time: 0, Looping: Yes.
[LOG] AsyncThread::add                         : add sound to async queue : soundi = 00000234D38984D8, queue head = 00000233CEA85F28, queue count = 0
[LOG] AsyncThread::threadFunc                  : Starting Asynchronous operation on sound 00000234D38984D8
[LOG] SystemI::createSoundInternal             :     Create name='Assets/Audio/Portal/Build/Desktop/Master.bank', mode=0x02010082
[LOG] SystemI::createSoundInternal             :     exinfo->cbsize             = 224
[LOG] SystemI::createSoundInternal             :     exinfo->length             = 148800
[LOG] SystemI::createSoundInternal             :     exinfo->fileoffset         = 5408
[LOG] SystemI::createSoundInternal             :     exinfo->numsubsounds       = 1
[LOG] SystemI::createSoundInternal             :     exinfo->inclusionlist      = 00000233DC83D810
[LOG] SystemI::createSoundInternal             :     exinfo->inclusionlistnum   = 1
[LOG] SystemI::createSoundInternal             :     exinfo->suggestedsoundtype = 5
[LOG] SystemI::createSoundInternal             :     exinfo->initialseekpostype = 1
[LOG] SystemI::createSoundInternal             :     Stream 0/1: name='FLEDMV1_Impact_FX_006', format=5, channels=2, frequency=48000, lengthbytes=62304, lengthpcm=590601, pcmblocksize=0, loopstart=0, loopend=0, mode=0x00000000, channelmask=0x00000000, channelorder=0, peakvolume=0.966052.
[LOG] Thread::initThread                       :     Init FMOD file thread. Affinity: 0x4000000000000003, Priority: 0xFFFF7FFC, Stack Size: 65536, Semaphore: No, Sleep Time: 10, Looping: Yes.
[LOG] AsyncThread::threadFunc                  : Finished Asynchronous operation on sound 00000234D38984D8
[LOG] SystemI::createSound                     : filename = Assets/Audio/Portal/Build/Desktop/Master.bank : mode 02010082
[LOG] SystemI::createSound                     : FMOD_NONBLOCKING specified.  Putting into queue to be opened asynchronously!
[LOG] AsyncThread::add                         : add sound to async queue : soundi = 00000234D3897AB8, queue head = 00000233CEA85F28, queue count = 0
[LOG] AsyncThread::threadFunc                  : Starting Asynchronous operation on sound 00000234D3897AB8
[LOG] SystemI::createSoundInternal             :     Create name='Assets/Audio/Portal/Build/Desktop/Master.bank', mode=0x02010082
[LOG] SystemI::createSoundInternal             :     exinfo->cbsize             = 224
[LOG] SystemI::createSoundInternal             :     exinfo->length             = 148800
[LOG] SystemI::createSoundInternal             :     exinfo->fileoffset         = 5408
[LOG] SystemI::createSoundInternal             :     exinfo->numsubsounds       = 1
[LOG] SystemI::createSoundInternal             :     exinfo->inclusionlist      = 00000233D149E4B0
[LOG] SystemI::createSoundInternal             :     exinfo->inclusionlistnum   = 1
[LOG] SystemI::createSoundInternal             :     exinfo->suggestedsoundtype = 5
[LOG] SystemI::createSoundInternal             :     exinfo->initialseekpostype = 1
[LOG] SystemI::createSoundInternal             :     Stream 0/1: name='FLEDMV1_Impact_FX_006', format=5, channels=2, frequency=48000, lengthbytes=62304, lengthpcm=590601, pcmblocksize=0, loopstart=0, loopend=0, mode=0x00000000, channelmask=0x00000000, channelorder=0, peakvolume=0.966052.
[LOG] AsyncThread::threadFunc                  : Finished Asynchronous operation on sound 00000234D3897AB8
[LOG] SoundI::release                          : FLEDMV1_Impact_FX_006 (00000234D38984D8)
[LOG] SoundI::release                          :     FLEDMV1_Impact_FX_006 (000002342D19DC28)
[LOG] SoundI::release                          :     FLEDMV1_Impact_FX_006 (00000234D3893078)
[LOG] AsyncThread::add                         : add sound to async queue : soundi = 00000234D3896318, queue head = 00000233CEA85F28, queue count = 0
[LOG] AsyncThread::threadFunc                  : Starting Asynchronous operation on sound 00000234D3896318
[LOG] AsyncThread::threadFunc                  : Finished Asynchronous operation on sound 00000234D3896318
[LOG] SystemI::createSound                     : filename = Assets/Audio/Portal/Build/Desktop/Master.bank : mode 02010082
[LOG] SystemI::createSound                     : FMOD_NONBLOCKING specified.  Putting into queue to be opened asynchronously!
[LOG] AsyncThread::add                         : add sound to async queue : soundi = 00000234D3897C68, queue head = 00000233CEA85F28, queue count = 0
[LOG] AsyncThread::threadFunc                  : Starting Asynchronous operation on sound 00000234D3897C68
[LOG] SystemI::createSoundInternal             :     Create name='Assets/Audio/Portal/Build/Desktop/Master.bank', mode=0x02010082
[LOG] SystemI::createSoundInternal             :     exinfo->cbsize             = 224
[LOG] SystemI::createSoundInternal             :     exinfo->length             = 148800
[LOG] SystemI::createSoundInternal             :     exinfo->fileoffset         = 5408
[LOG] SystemI::createSoundInternal             :     exinfo->numsubsounds       = 1
[LOG] SystemI::createSoundInternal             :     exinfo->inclusionlist      = 00000233DC83D810
[LOG] SystemI::createSoundInternal             :     exinfo->inclusionlistnum   = 1
[LOG] SystemI::createSoundInternal             :     exinfo->suggestedsoundtype = 5
[LOG] SystemI::createSoundInternal             :     exinfo->initialseekpostype = 1
[LOG] SystemI::createSoundInternal             :     Stream 0/1: name='FLEDMV1_Impact_FX_006', format=5, channels=2, frequency=48000, lengthbytes=62304, lengthpcm=590601, pcmblocksize=0, loopstart=0, loopend=0, mode=0x00000000, channelmask=0x00000000, channelorder=0, peakvolume=0.966052.
[LOG] AsyncThread::threadFunc                  : Finished Asynchronous operation on sound 00000234D3897C68
[LOG] SoundI::release                          : FLEDMV1_Impact_FX_006 (00000234D3897AB8)
[LOG] SoundI::release                          :     FLEDMV1_Impact_FX_006 (000002342C9442D8)
[LOG] SoundI::release                          :     FLEDMV1_Impact_FX_006 (00000234D3896318)
[LOG] SoundI::release                          : FLEDMV1_Impact_FX_006 (00000234D3897C68)
[LOG] SoundI::release                          :     FLEDMV1_Impact_FX_006 (000002342D19D748)
[LOG] SoundI::release                          :     FLEDMV1_Impact_FX_006 (00000234D38964C8)
[LOG] SystemI::createSound                     : filename = Assets/Audio/Portal/Build/Desktop/Master.bank : mode 02010082
[LOG] SystemI::createSound                     : FMOD_NONBLOCKING specified.  Putting into queue to be opened asynchronously!
[LOG] AsyncThread::add                         : add sound to async queue : soundi = 00000234D3895FB8, queue head = 00000233CEA85F28, queue count = 0
[LOG] AsyncThread::threadFunc                  : Starting Asynchronous operation on sound 00000234D3895FB8
[LOG] SystemI::createSoundInternal             :     Create name='Assets/Audio/Portal/Build/Desktop/Master.bank', mode=0x02010082
[LOG] SystemI::createSoundInternal             :     exinfo->cbsize             = 224
[LOG] SystemI::createSoundInternal             :     exinfo->length             = 148800
[LOG] SystemI::createSoundInternal             :     exinfo->fileoffset         = 5408
[LOG] SystemI::createSoundInternal             :     exinfo->numsubsounds       = 1
[LOG] SystemI::createSoundInternal             :     exinfo->inclusionlist      = 00000233DC83D1D0
[LOG] SystemI::createSoundInternal             :     exinfo->inclusionlistnum   = 1
[LOG] SystemI::createSoundInternal             :     exinfo->suggestedsoundtype = 5
[LOG] SystemI::createSoundInternal             :     exinfo->initialseekpostype = 1
[LOG] SystemI::createSoundInternal             :     Stream 0/1: name='FLEDMV1_Impact_FX_006', format=5, channels=2, frequency=48000, lengthbytes=62304, lengthpcm=590601, pcmblocksize=0, loopstart=0, loopend=0, mode=0x00000000, channelmask=0x00000000, channelorder=0, peakvolume=0.966052.
[LOG] AsyncThread::threadFunc                  : Finished Asynchronous operation on sound 00000234D3895FB8
[LOG] AsyncThread::add                         : add sound to async queue : soundi = 00000234D3892D18, queue head = 00000233CEA85F28, queue count = 0
[LOG] AsyncThread::threadFunc                  : Starting Asynchronous operation on sound 00000234D3892D18
[LOG] AsyncThread::threadFunc                  : Finished Asynchronous operation on sound 00000234D3892D18
[LOG] SystemI::createSound                     : filename = Assets/Audio/Portal/Build/Desktop/Master.bank : mode 02010082
[LOG] SystemI::createSound                     : FMOD_NONBLOCKING specified.  Putting into queue to be opened asynchronously!
[LOG] AsyncThread::add                         : add sound to async queue : soundi = 00000234D3896318, queue head = 00000233CEA85F28, queue count = 0
[LOG] AsyncThread::threadFunc                  : Starting Asynchronous operation on sound 00000234D3896318
[LOG] SystemI::createSoundInternal             :     Create name='Assets/Audio/Portal/Build/Desktop/Master.bank', mode=0x02010082
[LOG] SystemI::createSoundInternal             :     exinfo->cbsize             = 224
[LOG] SystemI::createSoundInternal             :     exinfo->length             = 148800
[LOG] SystemI::createSoundInternal             :     exinfo->fileoffset         = 5408
[LOG] SystemI::createSoundInternal             :     exinfo->numsubsounds       = 1
[LOG] SystemI::createSoundInternal             :     exinfo->inclusionlist      = 00000233DC83D450
[LOG] SystemI::createSoundInternal             :     exinfo->inclusionlistnum   = 1
[LOG] SystemI::createSoundInternal             :     exinfo->suggestedsoundtype = 5
[LOG] SystemI::createSoundInternal             :     exinfo->initialseekpostype = 1
[LOG] SystemI::createSoundInternal             :     Stream 0/1: name='FLEDMV1_Impact_FX_006', format=5, channels=2, frequency=48000, lengthbytes=62304, lengthpcm=590601, pcmblocksize=0, loopstart=0, loopend=0, mode=0x00000000, channelmask=0x00000000, channelorder=0, peakvolume=0.966052.
[LOG] AsyncThread::threadFunc                  : Finished Asynchronous operation on sound 00000234D3896318
[LOG] SoundI::release                          : FLEDMV1_Impact_FX_006 (00000234D3895FB8)
[LOG] SoundI::release                          :     FLEDMV1_Impact_FX_006 (000002342C9416F8)
[LOG] SoundI::release                          :     FLEDMV1_Impact_FX_006 (00000234D3892D18)
[LOG] SoundI::release                          : FLEDMV1_Impact_FX_006 (00000234D3896318)
[LOG] SoundI::release                          :     FLEDMV1_Impact_FX_006 (000002342D19D748)
[LOG] SoundI::release                          :     FLEDMV1_Impact_FX_006 (00000234D3897E18)
[LOG] SoundI::release                          :  (00000233CE5A1B98)
[LOG] SoundI::release                          :     R8 Soundfx Water GC (000002342C943AB8)
[LOG] SoundI::release                          :  (00000233CE5A5518)
[LOG] SoundI::release                          :     Impact 3 (000002342C944C98)
[LOG] SoundI::release                          :  (00000233CE5A2B68)
[LOG] SoundI::release                          :     FX (2) (000002342C941558)
[LOG] SoundI::release                          :  (00000233CE5A0BC8)
[LOG] SoundI::release                          :     006 Various FX - DESFX Zenhiser (000002342C941218)
[LOG] Thread::callback                         : FMOD Studio bank load thread finished.
[LOG] Thread::callback                         : FMOD Studio sample load thread finished.
[LOG] LiveUpdate::release                      : 
[LOG] LiveUpdate::reset                        : Reset connection (reason Disconnected)
[LOG] Thread::callback                         : FMOD stream thread finished.
[LOG] Thread::callback                         : FMOD mixer thread finished.
[LOG] SystemI::close                           : Closed.
[LOG] Thread::callback                         : FMOD nonblocking thread (0) finished.
[LOG] Thread::callback                         : FMOD file thread finished.
